<?xml version="1.0" encoding="UTF-8"?>
<!-- Generated by org.testng.reporters.JUnitXMLReporter -->
<testsuite ignored="0" hostname="LAPTOP-1S3AHHGP" failures="0" tests="3" name="Default test" time="4.605" errors="0" timestamp="2022-06-28T14:24:58 IST">
  <testcase classname="RestAssuredMethods.GetAndPostMethods" name="get" time="3.172"/>
  <testcase classname="RestAssuredMethods.GetAndPostMethods" name="postRequest" time="0.777"/>
  <testcase classname="RestAssuredMethods.GetAndPostMethods" name="postRequestOther" time="0.565"/>
</testsuite> <!-- Default test -->
