<?xml version="1.0" encoding="UTF-8"?>
<testng-results ignored="0" total="3" passed="3" failed="0" skipped="0">
  <reporter-output>
  </reporter-output>
  <suite started-at="2022-06-28T14:24:53 IST" name="Default suite" finished-at="2022-06-28T14:24:58 IST" duration-ms="4605">
    <groups>
    </groups>
    <test started-at="2022-06-28T14:24:53 IST" name="Default test" finished-at="2022-06-28T14:24:58 IST" duration-ms="4605">
      <class name="RestAssuredMethods.GetAndPostMethods">
        <test-method signature="get()[pri:0, instance:RestAssuredMethods.GetAndPostMethods@4803b726]" started-at="2022-06-28T14:24:53 IST" name="get" finished-at="2022-06-28T14:24:57 IST" duration-ms="3172" status="PASS">
          <reporter-output>
          </reporter-output>
        </test-method> <!-- get -->
        <test-method signature="postRequest()[pri:0, instance:RestAssuredMethods.GetAndPostMethods@4803b726]" started-at="2022-06-28T14:24:57 IST" name="postRequest" finished-at="2022-06-28T14:24:57 IST" duration-ms="777" status="PASS">
          <reporter-output>
          </reporter-output>
        </test-method> <!-- postRequest -->
        <test-method signature="postRequestOther()[pri:0, instance:RestAssuredMethods.GetAndPostMethods@4803b726]" started-at="2022-06-28T14:24:57 IST" name="postRequestOther" finished-at="2022-06-28T14:24:58 IST" duration-ms="565" status="PASS">
          <reporter-output>
          </reporter-output>
        </test-method> <!-- postRequestOther -->
      </class> <!-- RestAssuredMethods.GetAndPostMethods -->
    </test> <!-- Default test -->
  </suite> <!-- Default suite -->
</testng-results>
